[LOG] Welcome to hyprpaper!
built from commit  ()
Hyprpaper usage: hyprpaper [arg [...]].

Arguments:
--help          -h | Show this help message
--config        -c | Specify config file to use
--no-fractional -n | Disable fractional scaling support
[LOG] Welcome to hyprpaper!
built from commit  ()
Hyprpaper usage: hyprpaper [arg [...]].

Arguments:
--help          -h | Show this help message
--config        -c | Specify config file to use
--no-fractional -n | Disable fractional scaling support
[LOG] Welcome to hyprpaper!
built from commit  ()
Hyprpaper usage: hyprpaper [arg [...]].

Arguments:
--help          -h | Show this help message
--config        -c | Specify config file to use
--no-fractional -n | Disable fractional scaling support
